[INFO][2020-07-02 00:22:43] org.springframework.boot.admin.SpringApplicationAdminMXBeanRegistrar$SpringApplicationAdmin.shutdown(SpringApplicationAdminMXBeanRegistrar.java:125) Application shutdown requested. 
[INFO][2020-07-02 00:22:43] org.springframework.context.support.AbstractApplicationContext.doClose(AbstractApplicationContext.java:987) Closing org.springframework.boot.context.embedded.AnnotationConfigEmbeddedWebApplicationContext@123ef382: startup date [Wed Jul 01 23:15:37 CST 2020]; root of context hierarchy 
[INFO][2020-07-02 00:22:43] org.springframework.context.support.DefaultLifecycleProcessor$LifecycleGroup.stop(DefaultLifecycleProcessor.java:356) Stopping beans in phase 0 
[INFO][2020-07-02 00:22:43] org.springframework.integration.endpoint.EventDrivenConsumer.logComponentSubscriptionEvent(EventDrivenConsumer.java:108) Removing {logging-channel-adapter:_org.springframework.integration.errorLogger} as a subscriber to the 'errorChannel' channel 
[INFO][2020-07-02 00:22:43] org.springframework.integration.channel.AbstractSubscribableChannel.adjustCounterIfNecessary(AbstractSubscribableChannel.java:81) Channel 'application:8080.errorChannel' has 0 subscriber(s). 
[INFO][2020-07-02 00:22:43] org.springframework.integration.endpoint.AbstractEndpoint.stop(AbstractEndpoint.java:131) stopped _org.springframework.integration.errorLogger 
[INFO][2020-07-02 00:22:43] org.springframework.scheduling.concurrent.ExecutorConfigurationSupport.shutdown(ExecutorConfigurationSupport.java:203) Shutting down ExecutorService 'taskScheduler' 
[INFO][2020-07-02 00:22:43] org.springframework.jmx.export.MBeanExporter.destroy(MBeanExporter.java:449) Unregistering JMX-exposed beans on shutdown 
[INFO][2020-07-02 00:22:43] org.springframework.jmx.support.MBeanRegistrationSupport.unregisterBeans(MBeanRegistrationSupport.java:241) Unregistering JMX-exposed beans 
[INFO][2020-07-02 00:22:43] org.springframework.cache.ehcache.EhCacheManagerFactoryBean.destroy(EhCacheManagerFactoryBean.java:187) Shutting down EhCache CacheManager 
[INFO][2020-07-02 00:22:43] org.springframework.orm.jpa.AbstractEntityManagerFactoryBean.destroy(AbstractEntityManagerFactoryBean.java:551) Closing JPA EntityManagerFactory for persistence unit 'default' 
[INFO][2020-07-02 00:22:43] com.alibaba.druid.pool.DruidDataSource.close(DruidDataSource.java:1444) {dataSource-1} closed 
[INFO][2020-07-02 08:19:14] org.springframework.boot.StartupInfoLogger.logStarting(StartupInfoLogger.java:48) Starting Application on yangguangdeMacBook-Pro.local with PID 1941 (/Users/yangguang/Desktop/springboot-shiro-demo/target/classes started by yangguang in /Users/yangguang/Desktop/springboot-shiro-demo) 
[INFO][2020-07-02 08:19:14] org.springframework.boot.SpringApplication.logStartupProfileInfo(SpringApplication.java:637) No active profile set, falling back to default profiles: default 
[INFO][2020-07-02 08:19:14] org.springframework.context.support.AbstractApplicationContext.prepareRefresh(AbstractApplicationContext.java:582) Refreshing org.springframework.boot.context.embedded.AnnotationConfigEmbeddedWebApplicationContext@123ef382: startup date [Thu Jul 02 08:19:14 CST 2020]; root of context hierarchy 
[INFO][2020-07-02 08:19:14] org.hibernate.validator.internal.util.Version.<clinit>(Version.java:30) HV000001: Hibernate Validator 5.3.4.Final 
[INFO][2020-07-02 08:19:15] org.springframework.core.io.support.PropertiesLoaderSupport.loadProperties(PropertiesLoaderSupport.java:172) Loading properties file from URL [jar:file:/Users/yangguang/.m2/repository/org/springframework/integration/spring-integration-core/4.3.7.RELEASE/spring-integration-core-4.3.7.RELEASE.jar!/META-INF/spring.integration.default.properties] 
[INFO][2020-07-02 08:19:15] org.springframework.integration.config.IntegrationRegistrar.registerHeaderChannelRegistry(IntegrationRegistrar.java:330) No bean named 'integrationHeaderChannelRegistry' has been explicitly defined. Therefore, a default DefaultHeaderChannelRegistry will be created. 
[INFO][2020-07-02 08:19:15] org.springframework.integration.config.DefaultConfiguringBeanFactoryPostProcessor.registerErrorChannel(DefaultConfiguringBeanFactoryPostProcessor.java:130) No bean named 'errorChannel' has been explicitly defined. Therefore, a default PublishSubscribeChannel will be created. 
[INFO][2020-07-02 08:19:15] org.springframework.integration.config.DefaultConfiguringBeanFactoryPostProcessor.registerTaskScheduler(DefaultConfiguringBeanFactoryPostProcessor.java:158) No bean named 'taskScheduler' has been explicitly defined. Therefore, a default ThreadPoolTaskScheduler will be created. 
[INFO][2020-07-02 08:19:15] org.springframework.beans.factory.annotation.AutowiredAnnotationBeanPostProcessor.<init>(AutowiredAnnotationBeanPostProcessor.java:155) JSR-330 'javax.inject.Inject' annotation found and supported for autowiring 
[INFO][2020-07-02 08:19:15] org.springframework.context.support.PostProcessorRegistrationDelegate$BeanPostProcessorChecker.postProcessAfterInitialization(PostProcessorRegistrationDelegate.java:325) Bean 'org.springframework.boot.autoconfigure.validation.ValidationAutoConfiguration' of type [class org.springframework.boot.autoconfigure.validation.ValidationAutoConfiguration] is not eligible for getting processed by all BeanPostProcessors (for example: not eligible for auto-proxying) 
[INFO][2020-07-02 08:19:15] org.springframework.context.support.PostProcessorRegistrationDelegate$BeanPostProcessorChecker.postProcessAfterInitialization(PostProcessorRegistrationDelegate.java:325) Bean 'validator' of type [class org.springframework.validation.beanvalidation.LocalValidatorFactoryBean] is not eligible for getting processed by all BeanPostProcessors (for example: not eligible for auto-proxying) 
[INFO][2020-07-02 08:19:15] org.springframework.context.support.PostProcessorRegistrationDelegate$BeanPostProcessorChecker.postProcessAfterInitialization(PostProcessorRegistrationDelegate.java:325) Bean 'shiroConfiguration' of type [class com.zxh.config.ShiroConfiguration$$EnhancerBySpringCGLIB$$50385c4] is not eligible for getting processed by all BeanPostProcessors (for example: not eligible for auto-proxying) 
[INFO][2020-07-02 08:19:15] org.springframework.context.support.PostProcessorRegistrationDelegate$BeanPostProcessorChecker.postProcessAfterInitialization(PostProcessorRegistrationDelegate.java:325) Bean 'getUserRealm' of type [class com.zxh.shiro.UserRealm] is not eligible for getting processed by all BeanPostProcessors (for example: not eligible for auto-proxying) 
[INFO][2020-07-02 08:19:15] com.zxh.config.ShiroConfiguration.ehCacheManager(ShiroConfiguration.java:123) ShiroConfiguration.getEhCacheManager() 
[INFO][2020-07-02 08:19:15] org.springframework.context.support.PostProcessorRegistrationDelegate$BeanPostProcessorChecker.postProcessAfterInitialization(PostProcessorRegistrationDelegate.java:325) Bean 'ehCacheManager' of type [class org.apache.shiro.cache.ehcache.EhCacheManager] is not eligible for getting processed by all BeanPostProcessors (for example: not eligible for auto-proxying) 
[INFO][2020-07-02 08:19:15] org.apache.shiro.cache.ehcache.EhCacheManager.getCache(EhCacheManager.java:159) Cache with name 'com.zxh.shiro.UserRealm.authorizationCache' does not yet exist.  Creating now. 
[INFO][2020-07-02 08:19:15] org.apache.shiro.cache.ehcache.EhCacheManager.getCache(EhCacheManager.java:166) Added EhCache named [com.zxh.shiro.UserRealm.authorizationCache] 
[INFO][2020-07-02 08:19:15] com.zxh.config.ShiroConfiguration.rememberMeManager(ShiroConfiguration.java:151) ShiroConfiguration.rememberMeManager() 
[INFO][2020-07-02 08:19:15] com.zxh.config.ShiroConfiguration.rememberMeCookie(ShiroConfiguration.java:136) ShiroConfiguration.rememberMeCookie() 
[INFO][2020-07-02 08:19:15] org.springframework.context.support.PostProcessorRegistrationDelegate$BeanPostProcessorChecker.postProcessAfterInitialization(PostProcessorRegistrationDelegate.java:325) Bean 'rememberMeCookie' of type [class org.apache.shiro.web.servlet.SimpleCookie] is not eligible for getting processed by all BeanPostProcessors (for example: not eligible for auto-proxying) 
[INFO][2020-07-02 08:19:15] org.springframework.context.support.PostProcessorRegistrationDelegate$BeanPostProcessorChecker.postProcessAfterInitialization(PostProcessorRegistrationDelegate.java:325) Bean 'rememberMeManager' of type [class org.apache.shiro.web.mgt.CookieRememberMeManager] is not eligible for getting processed by all BeanPostProcessors (for example: not eligible for auto-proxying) 
[INFO][2020-07-02 08:19:15] org.springframework.context.support.PostProcessorRegistrationDelegate$BeanPostProcessorChecker.postProcessAfterInitialization(PostProcessorRegistrationDelegate.java:325) Bean 'securityManager' of type [class org.apache.shiro.web.mgt.DefaultWebSecurityManager] is not eligible for getting processed by all BeanPostProcessors (for example: not eligible for auto-proxying) 
[INFO][2020-07-02 08:19:15] org.springframework.context.support.PostProcessorRegistrationDelegate$BeanPostProcessorChecker.postProcessAfterInitialization(PostProcessorRegistrationDelegate.java:325) Bean 'authorizationAttributeSourceAdvisor' of type [class org.apache.shiro.spring.security.interceptor.AuthorizationAttributeSourceAdvisor] is not eligible for getting processed by all BeanPostProcessors (for example: not eligible for auto-proxying) 
[INFO][2020-07-02 08:19:15] org.springframework.context.support.PostProcessorRegistrationDelegate$BeanPostProcessorChecker.postProcessAfterInitialization(PostProcessorRegistrationDelegate.java:325) Bean 'org.springframework.cache.annotation.ProxyCachingConfiguration' of type [class org.springframework.cache.annotation.ProxyCachingConfiguration$$EnhancerBySpringCGLIB$$bdafbb5d] is not eligible for getting processed by all BeanPostProcessors (for example: not eligible for auto-proxying) 
[INFO][2020-07-02 08:19:15] org.springframework.context.support.PostProcessorRegistrationDelegate$BeanPostProcessorChecker.postProcessAfterInitialization(PostProcessorRegistrationDelegate.java:325) Bean 'org.springframework.transaction.annotation.ProxyTransactionManagementConfiguration' of type [class org.springframework.transaction.annotation.ProxyTransactionManagementConfiguration$$EnhancerBySpringCGLIB$$749d853f] is not eligible for getting processed by all BeanPostProcessors (for example: not eligible for auto-proxying) 
[INFO][2020-07-02 08:19:15] com.zxh.config.ShiroConfiguration.shiroFilter(ShiroConfiguration.java:42) ShiroConfiguration.shiroFilter() 
[INFO][2020-07-02 08:19:15] org.springframework.core.io.support.PropertiesLoaderSupport.loadProperties(PropertiesLoaderSupport.java:172) Loading properties file from URL [jar:file:/Users/yangguang/.m2/repository/org/springframework/integration/spring-integration-core/4.3.7.RELEASE/spring-integration-core-4.3.7.RELEASE.jar!/META-INF/spring.integration.default.properties] 
[INFO][2020-07-02 08:19:15] org.springframework.context.support.PostProcessorRegistrationDelegate$BeanPostProcessorChecker.postProcessAfterInitialization(PostProcessorRegistrationDelegate.java:325) Bean 'integrationGlobalProperties' of type [class org.springframework.beans.factory.config.PropertiesFactoryBean] is not eligible for getting processed by all BeanPostProcessors (for example: not eligible for auto-proxying) 
[INFO][2020-07-02 08:19:15] org.springframework.context.support.PostProcessorRegistrationDelegate$BeanPostProcessorChecker.postProcessAfterInitialization(PostProcessorRegistrationDelegate.java:325) Bean 'integrationGlobalProperties' of type [class java.util.Properties] is not eligible for getting processed by all BeanPostProcessors (for example: not eligible for auto-proxying) 
[INFO][2020-07-02 08:19:15] org.springframework.boot.context.embedded.tomcat.TomcatEmbeddedServletContainer.initialize(TomcatEmbeddedServletContainer.java:89) Tomcat initialized with port(s): 8080 (http) 
[INFO][2020-07-02 08:19:15] org.springframework.boot.context.embedded.EmbeddedWebApplicationContext.prepareEmbeddedWebApplicationContext(EmbeddedWebApplicationContext.java:276) Root WebApplicationContext: initialization completed in 1183 ms 
[INFO][2020-07-02 08:19:15] org.springframework.boot.web.servlet.ServletRegistrationBean.onStartup(ServletRegistrationBean.java:190) Mapping servlet: 'statViewServlet' to [/druid/*] 
[INFO][2020-07-02 08:19:15] org.springframework.boot.web.servlet.ServletRegistrationBean.onStartup(ServletRegistrationBean.java:190) Mapping servlet: 'dispatcherServlet' to [/] 
[INFO][2020-07-02 08:19:15] org.springframework.boot.web.servlet.AbstractFilterRegistrationBean.configure(AbstractFilterRegistrationBean.java:258) Mapping filter: 'errorPageFilter' to: [/*] 
[INFO][2020-07-02 08:19:15] org.springframework.boot.web.servlet.AbstractFilterRegistrationBean.configure(AbstractFilterRegistrationBean.java:258) Mapping filter: 'characterEncodingFilter' to: [/*] 
[INFO][2020-07-02 08:19:15] org.springframework.boot.web.servlet.AbstractFilterRegistrationBean.configure(AbstractFilterRegistrationBean.java:258) Mapping filter: 'hiddenHttpMethodFilter' to: [/*] 
[INFO][2020-07-02 08:19:15] org.springframework.boot.web.servlet.AbstractFilterRegistrationBean.configure(AbstractFilterRegistrationBean.java:258) Mapping filter: 'httpPutFormContentFilter' to: [/*] 
[INFO][2020-07-02 08:19:15] org.springframework.boot.web.servlet.AbstractFilterRegistrationBean.configure(AbstractFilterRegistrationBean.java:258) Mapping filter: 'requestContextFilter' to: [/*] 
[INFO][2020-07-02 08:19:15] org.springframework.boot.web.servlet.AbstractFilterRegistrationBean.configure(AbstractFilterRegistrationBean.java:271) Mapping filter: 'webStatFilter' to urls: [/*] 
[INFO][2020-07-02 08:19:15] org.springframework.boot.web.servlet.AbstractFilterRegistrationBean.configure(AbstractFilterRegistrationBean.java:258) Mapping filter: 'shiroFilter' to: [/*] 
[INFO][2020-07-02 08:19:16] com.alibaba.druid.pool.DruidDataSource.init(DruidDataSource.java:715) {dataSource-1} inited 
[INFO][2020-07-02 08:19:16] org.springframework.orm.jpa.LocalContainerEntityManagerFactoryBean.createNativeEntityManagerFactory(LocalContainerEntityManagerFactoryBean.java:349) Building JPA container EntityManagerFactory for persistence unit 'default' 
[INFO][2020-07-02 08:19:16] org.hibernate.jpa.internal.util.LogHelper.logPersistenceUnitInformation(LogHelper.java:31) HHH000204: Processing PersistenceUnitInfo [
	name: default
	...] 
[INFO][2020-07-02 08:19:16] org.hibernate.Version.logVersion(Version.java:37) HHH000412: Hibernate Core {5.0.11.Final} 
[INFO][2020-07-02 08:19:16] org.hibernate.cfg.Environment.<clinit>(Environment.java:213) HHH000206: hibernate.properties not found 
[INFO][2020-07-02 08:19:16] org.hibernate.cfg.Environment.buildBytecodeProvider(Environment.java:317) HHH000021: Bytecode provider name : javassist 
[INFO][2020-07-02 08:19:16] org.hibernate.annotations.common.reflection.java.JavaReflectionManager.<clinit>(JavaReflectionManager.java:66) HCANN000001: Hibernate Commons Annotations {5.0.1.Final} 
[INFO][2020-07-02 08:19:16] org.hibernate.dialect.Dialect.<init>(Dialect.java:156) HHH000400: Using dialect: org.hibernate.dialect.MySQLDialect 
[INFO][2020-07-02 08:19:16] org.springframework.orm.jpa.AbstractEntityManagerFactoryBean.buildNativeEntityManagerFactory(AbstractEntityManagerFactoryBean.java:382) Initialized JPA EntityManagerFactory for persistence unit 'default' 
[INFO][2020-07-02 08:19:16] org.springframework.web.servlet.view.freemarker.FreeMarkerConfigurer.postProcessTemplateLoaders(FreeMarkerConfigurer.java:127) ClassTemplateLoader for Spring macros added to FreeMarker configuration 
[INFO][2020-07-02 08:19:16] org.springframework.cache.ehcache.EhCacheManagerFactoryBean.afterPropertiesSet(EhCacheManagerFactoryBean.java:130) Initializing EhCache CacheManager 
[INFO][2020-07-02 08:19:17] org.springframework.web.servlet.mvc.method.annotation.RequestMappingHandlerAdapter.initControllerAdviceCache(RequestMappingHandlerAdapter.java:534) Looking for @ControllerAdvice: org.springframework.boot.context.embedded.AnnotationConfigEmbeddedWebApplicationContext@123ef382: startup date [Thu Jul 02 08:19:14 CST 2020]; root of context hierarchy 
[INFO][2020-07-02 08:19:17] org.springframework.web.servlet.handler.AbstractHandlerMethodMapping$MappingRegistry.register(AbstractHandlerMethodMapping.java:543) Mapped "{[/error]}" onto public java.lang.String com.zxh.controller.MainsiteErrorController.handleError() 
[INFO][2020-07-02 08:19:17] org.springframework.web.servlet.handler.AbstractHandlerMethodMapping$MappingRegistry.register(AbstractHandlerMethodMapping.java:543) Mapped "{[/file/upload],methods=[POST]}" onto public com.zxh.util.R com.zxh.controller.SysFileController.upload(java.lang.Integer,javax.servlet.http.HttpServletRequest) throws java.lang.Exception 
[INFO][2020-07-02 08:19:17] org.springframework.web.servlet.handler.AbstractHandlerMethodMapping$MappingRegistry.register(AbstractHandlerMethodMapping.java:543) Mapped "{[/file/download]}" onto public void com.zxh.controller.SysFileController.download(java.lang.String,java.lang.Boolean,javax.servlet.http.HttpServletRequest,javax.servlet.http.HttpServletResponse) throws java.io.IOException 
[INFO][2020-07-02 08:19:17] org.springframework.web.servlet.handler.AbstractHandlerMethodMapping$MappingRegistry.register(AbstractHandlerMethodMapping.java:543) Mapped "{[/admin/index.html]}" onto public java.lang.String com.zxh.controller.admin.SysLoginController.index(org.springframework.ui.Model) 
[INFO][2020-07-02 08:19:17] org.springframework.web.servlet.handler.AbstractHandlerMethodMapping$MappingRegistry.register(AbstractHandlerMethodMapping.java:543) Mapped "{[/admin/sys/logout],methods=[GET]}" onto public java.lang.String com.zxh.controller.admin.SysLoginController.logout() throws java.lang.Exception 
[INFO][2020-07-02 08:19:17] org.springframework.web.servlet.handler.AbstractHandlerMethodMapping$MappingRegistry.register(AbstractHandlerMethodMapping.java:543) Mapped "{[/admin/captcha.jpg]}" onto public void com.zxh.controller.admin.SysLoginController.captcha(javax.servlet.http.HttpServletResponse) throws javax.servlet.ServletException,java.io.IOException 
[INFO][2020-07-02 08:19:17] org.springframework.web.servlet.handler.AbstractHandlerMethodMapping$MappingRegistry.register(AbstractHandlerMethodMapping.java:543) Mapped "{[/admin/sys/login],methods=[POST]}" onto public com.zxh.util.R com.zxh.controller.admin.SysLoginController.login(java.lang.String,java.lang.String,java.lang.String,javax.servlet.http.HttpServletRequest) throws java.io.IOException 
[INFO][2020-07-02 08:19:17] org.springframework.web.servlet.handler.AbstractHandlerMethodMapping$MappingRegistry.register(AbstractHandlerMethodMapping.java:543) Mapped "{[/admin/]}" onto public java.lang.String com.zxh.controller.admin.SysLoginController.redirect() 
[INFO][2020-07-02 08:19:17] org.springframework.web.servlet.handler.AbstractHandlerMethodMapping$MappingRegistry.register(AbstractHandlerMethodMapping.java:543) Mapped "{[/admin/sys/menu/update]}" onto public com.zxh.util.R com.zxh.controller.admin.SysMenuController.update(com.zxh.entity.SysMenuEntity) 
[INFO][2020-07-02 08:19:17] org.springframework.web.servlet.handler.AbstractHandlerMethodMapping$MappingRegistry.register(AbstractHandlerMethodMapping.java:543) Mapped "{[/admin/sys/menu/delete]}" onto public com.zxh.util.R com.zxh.controller.admin.SysMenuController.delete(java.lang.String) 
[INFO][2020-07-02 08:19:17] org.springframework.web.servlet.handler.AbstractHandlerMethodMapping$MappingRegistry.register(AbstractHandlerMethodMapping.java:543) Mapped "{[/admin/sys/menu/list]}" onto public com.zxh.util.R com.zxh.controller.admin.SysMenuController.list(java.lang.Integer,java.lang.Integer,java.lang.String,java.lang.String,java.lang.String) 
[INFO][2020-07-02 08:19:17] org.springframework.web.servlet.handler.AbstractHandlerMethodMapping$MappingRegistry.register(AbstractHandlerMethodMapping.java:543) Mapped "{[/admin/sys/menu/save]}" onto public com.zxh.util.R com.zxh.controller.admin.SysMenuController.save(com.zxh.entity.SysMenuEntity) 
[INFO][2020-07-02 08:19:17] org.springframework.web.servlet.handler.AbstractHandlerMethodMapping$MappingRegistry.register(AbstractHandlerMethodMapping.java:543) Mapped "{[/admin/sys/menu/select]}" onto public com.zxh.util.R com.zxh.controller.admin.SysMenuController.select() 
[INFO][2020-07-02 08:19:17] org.springframework.web.servlet.handler.AbstractHandlerMethodMapping$MappingRegistry.register(AbstractHandlerMethodMapping.java:543) Mapped "{[/admin/sys/menu/perms]}" onto public com.zxh.util.R com.zxh.controller.admin.SysMenuController.perms() 
[INFO][2020-07-02 08:19:17] org.springframework.web.servlet.handler.AbstractHandlerMethodMapping$MappingRegistry.register(AbstractHandlerMethodMapping.java:543) Mapped "{[/admin/sys/menu/info/{menuId}]}" onto public com.zxh.util.R com.zxh.controller.admin.SysMenuController.info(java.lang.Long) 
[INFO][2020-07-02 08:19:17] org.springframework.web.servlet.handler.AbstractHandlerMethodMapping$MappingRegistry.register(AbstractHandlerMethodMapping.java:543) Mapped "{[/admin/{path}/{url}.html]}" onto public java.lang.String com.zxh.controller.admin.SysPageController.page(java.lang.String,java.lang.String) 
[INFO][2020-07-02 08:19:17] org.springframework.web.servlet.handler.AbstractHandlerMethodMapping$MappingRegistry.register(AbstractHandlerMethodMapping.java:543) Mapped "{[/admin/{url}.html]}" onto public java.lang.String com.zxh.controller.admin.SysPageController.pageUrl(java.lang.String) 
[INFO][2020-07-02 08:19:17] org.springframework.web.servlet.handler.AbstractHandlerMethodMapping$MappingRegistry.register(AbstractHandlerMethodMapping.java:543) Mapped "{[/admin/sys/role/update]}" onto public com.zxh.util.R com.zxh.controller.admin.SysRoleController.update(java.lang.Long,java.lang.String,java.lang.String,java.lang.String) 
[INFO][2020-07-02 08:19:17] org.springframework.web.servlet.handler.AbstractHandlerMethodMapping$MappingRegistry.register(AbstractHandlerMethodMapping.java:543) Mapped "{[/admin/sys/role/delete]}" onto public com.zxh.util.R com.zxh.controller.admin.SysRoleController.delete(java.lang.String) 
[INFO][2020-07-02 08:19:17] org.springframework.web.servlet.handler.AbstractHandlerMethodMapping$MappingRegistry.register(AbstractHandlerMethodMapping.java:543) Mapped "{[/admin/sys/role/list]}" onto public com.zxh.util.R com.zxh.controller.admin.SysRoleController.list(java.lang.Integer,java.lang.Integer,java.lang.String,java.lang.String,java.lang.String) 
[INFO][2020-07-02 08:19:17] org.springframework.web.servlet.handler.AbstractHandlerMethodMapping$MappingRegistry.register(AbstractHandlerMethodMapping.java:543) Mapped "{[/admin/sys/role/save]}" onto public com.zxh.util.R com.zxh.controller.admin.SysRoleController.save(java.lang.String,java.lang.String,java.lang.String) throws java.text.ParseException 
[INFO][2020-07-02 08:19:17] org.springframework.web.servlet.handler.AbstractHandlerMethodMapping$MappingRegistry.register(AbstractHandlerMethodMapping.java:543) Mapped "{[/admin/sys/role/select]}" onto public com.zxh.util.R com.zxh.controller.admin.SysRoleController.select() 
[INFO][2020-07-02 08:19:17] org.springframework.web.servlet.handler.AbstractHandlerMethodMapping$MappingRegistry.register(AbstractHandlerMethodMapping.java:543) Mapped "{[/admin/sys/role/info/{roleId}]}" onto public com.zxh.util.R com.zxh.controller.admin.SysRoleController.info(java.lang.Long) 
[INFO][2020-07-02 08:19:17] org.springframework.web.servlet.handler.AbstractHandlerMethodMapping$MappingRegistry.register(AbstractHandlerMethodMapping.java:543) Mapped "{[/admin/sys/user/update]}" onto public com.zxh.util.R com.zxh.controller.admin.SysUserController.update(com.zxh.entity.SysUserEntity,java.lang.Long[]) 
[INFO][2020-07-02 08:19:17] org.springframework.web.servlet.handler.AbstractHandlerMethodMapping$MappingRegistry.register(AbstractHandlerMethodMapping.java:543) Mapped "{[/admin/sys/user/delete]}" onto public com.zxh.util.R com.zxh.controller.admin.SysUserController.delete(java.lang.String) 
[INFO][2020-07-02 08:19:17] org.springframework.web.servlet.handler.AbstractHandlerMethodMapping$MappingRegistry.register(AbstractHandlerMethodMapping.java:543) Mapped "{[/admin/sys/user/list]}" onto public com.zxh.util.R com.zxh.controller.admin.SysUserController.list(java.lang.Integer,java.lang.Integer,java.lang.String,java.lang.String,java.lang.String) 
[INFO][2020-07-02 08:19:17] org.springframework.web.servlet.handler.AbstractHandlerMethodMapping$MappingRegistry.register(AbstractHandlerMethodMapping.java:543) Mapped "{[/admin/sys/user/save]}" onto public com.zxh.util.R com.zxh.controller.admin.SysUserController.save(java.lang.Long[],com.zxh.entity.SysUserEntity,org.springframework.validation.BindingResult) throws java.lang.Exception 
[INFO][2020-07-02 08:19:17] org.springframework.web.servlet.handler.AbstractHandlerMethodMapping$MappingRegistry.register(AbstractHandlerMethodMapping.java:543) Mapped "{[/admin/sys/user/updateStatus]}" onto public com.zxh.util.R com.zxh.controller.admin.SysUserController.updateStatus(java.lang.Long,java.lang.Boolean) 
[INFO][2020-07-02 08:19:17] org.springframework.web.servlet.handler.AbstractHandlerMethodMapping$MappingRegistry.register(AbstractHandlerMethodMapping.java:543) Mapped "{[/admin/sys/user/avatar.html]}" onto public java.lang.String com.zxh.controller.admin.SysUserController.avatar(org.springframework.ui.Model) 
[INFO][2020-07-02 08:19:17] org.springframework.web.servlet.handler.AbstractHandlerMethodMapping$MappingRegistry.register(AbstractHandlerMethodMapping.java:543) Mapped "{[/admin/sys/user/updateView]}" onto public com.zxh.util.R com.zxh.controller.admin.SysUserController.updateView(com.zxh.entity.SysUserEntity) 
[INFO][2020-07-02 08:19:17] org.springframework.web.servlet.handler.AbstractHandlerMethodMapping$MappingRegistry.register(AbstractHandlerMethodMapping.java:543) Mapped "{[/admin/sys/user/updateAvatar]}" onto public com.zxh.util.R com.zxh.controller.admin.SysUserController.updateAvatar(java.lang.String) 
[INFO][2020-07-02 08:19:17] org.springframework.web.servlet.handler.AbstractHandlerMethodMapping$MappingRegistry.register(AbstractHandlerMethodMapping.java:543) Mapped "{[/admin/sys/user/updateSelfPassword]}" onto public com.zxh.util.R com.zxh.controller.admin.SysUserController.updateSelfPassword(java.lang.String,java.lang.String,java.lang.String) 
[INFO][2020-07-02 08:19:17] org.springframework.web.servlet.handler.AbstractHandlerMethodMapping$MappingRegistry.register(AbstractHandlerMethodMapping.java:543) Mapped "{[/admin/sys/user/view]}" onto public java.lang.String com.zxh.controller.admin.SysUserController.view(org.springframework.ui.Model) 
[INFO][2020-07-02 08:19:17] org.springframework.web.servlet.handler.AbstractHandlerMethodMapping$MappingRegistry.register(AbstractHandlerMethodMapping.java:543) Mapped "{[/admin/sys/user/info]}" onto public com.zxh.util.R com.zxh.controller.admin.SysUserController.info() 
[INFO][2020-07-02 08:19:17] org.springframework.web.servlet.handler.AbstractHandlerMethodMapping$MappingRegistry.register(AbstractHandlerMethodMapping.java:543) Mapped "{[/admin/sys/user/info/{userId}]}" onto public com.zxh.util.R com.zxh.controller.admin.SysUserController.info(java.lang.Long) 
[INFO][2020-07-02 08:19:17] org.springframework.web.servlet.handler.AbstractHandlerMethodMapping$MappingRegistry.register(AbstractHandlerMethodMapping.java:543) Mapped "{[/admin/sys/log/list]}" onto public com.zxh.util.R com.zxh.controller.admin.SysUserLoginLogController.list(java.lang.Integer,java.lang.Integer,java.lang.String,java.lang.String,java.lang.String,javax.servlet.http.HttpServletRequest) 
[INFO][2020-07-02 08:19:17] org.springframework.web.servlet.handler.AbstractUrlHandlerMapping.registerHandler(AbstractUrlHandlerMapping.java:354) Mapped URL path [/statics/**] onto handler of type [class org.springframework.web.servlet.resource.ResourceHttpRequestHandler] 
[INFO][2020-07-02 08:19:17] org.springframework.web.servlet.handler.AbstractUrlHandlerMapping.registerHandler(AbstractUrlHandlerMapping.java:354) Mapped URL path [/js/**] onto handler of type [class org.springframework.web.servlet.resource.ResourceHttpRequestHandler] 
[INFO][2020-07-02 08:19:17] org.springframework.web.servlet.handler.AbstractUrlHandlerMapping.registerHandler(AbstractUrlHandlerMapping.java:354) Mapped URL path [/upload/**] onto handler of type [class org.springframework.web.servlet.resource.ResourceHttpRequestHandler] 
[INFO][2020-07-02 08:19:17] org.springframework.web.servlet.handler.AbstractUrlHandlerMapping.registerHandler(AbstractUrlHandlerMapping.java:354) Mapped URL path [/webjars/**] onto handler of type [class org.springframework.web.servlet.resource.ResourceHttpRequestHandler] 
[INFO][2020-07-02 08:19:17] org.springframework.web.servlet.handler.AbstractUrlHandlerMapping.registerHandler(AbstractUrlHandlerMapping.java:354) Mapped URL path [/**] onto handler of type [class org.springframework.web.servlet.resource.ResourceHttpRequestHandler] 
[INFO][2020-07-02 08:19:17] org.springframework.web.servlet.mvc.method.annotation.ExceptionHandlerExceptionResolver.initExceptionHandlerAdviceCache(ExceptionHandlerExceptionResolver.java:273) Detected @ExceptionHandler methods in globalExceptionHandler 
[INFO][2020-07-02 08:19:17] org.springframework.web.servlet.handler.AbstractUrlHandlerMapping.registerHandler(AbstractUrlHandlerMapping.java:354) Mapped URL path [/**/favicon.ico] onto handler of type [class org.springframework.web.servlet.resource.ResourceHttpRequestHandler] 
[INFO][2020-07-02 08:19:18] org.springframework.scheduling.concurrent.ExecutorConfigurationSupport.initialize(ExecutorConfigurationSupport.java:165) Initializing ExecutorService  'taskScheduler' 
[INFO][2020-07-02 08:19:18] org.springframework.jmx.export.MBeanExporter.afterSingletonsInstantiated(MBeanExporter.java:431) Registering beans for JMX exposure on startup 
[INFO][2020-07-02 08:19:18] org.springframework.jmx.export.MBeanExporter.autodetect(MBeanExporter.java:916) Bean with name 'dataSource' has been autodetected for JMX exposure 
[INFO][2020-07-02 08:19:18] org.springframework.jmx.export.MBeanExporter.registerBeanInstance(MBeanExporter.java:671) Located MBean 'dataSource': registering with JMX server as MBean [com.alibaba.druid.pool:name=dataSource,type=DruidDataSource] 
[INFO][2020-07-02 08:19:18] org.springframework.context.support.DefaultLifecycleProcessor$LifecycleGroup.start(DefaultLifecycleProcessor.java:341) Starting beans in phase 0 
[INFO][2020-07-02 08:19:18] org.springframework.integration.endpoint.EventDrivenConsumer.logComponentSubscriptionEvent(EventDrivenConsumer.java:108) Adding {logging-channel-adapter:_org.springframework.integration.errorLogger} as a subscriber to the 'errorChannel' channel 
[INFO][2020-07-02 08:19:18] org.springframework.integration.channel.AbstractSubscribableChannel.adjustCounterIfNecessary(AbstractSubscribableChannel.java:81) Channel 'application:8080.errorChannel' has 1 subscriber(s). 
[INFO][2020-07-02 08:19:18] org.springframework.integration.endpoint.AbstractEndpoint.start(AbstractEndpoint.java:97) started _org.springframework.integration.errorLogger 
[INFO][2020-07-02 08:19:18] org.springframework.boot.context.embedded.tomcat.TomcatEmbeddedServletContainer.start(TomcatEmbeddedServletContainer.java:192) Tomcat started on port(s): 8080 (http) 
[INFO][2020-07-02 08:19:18] org.springframework.boot.StartupInfoLogger.logStarted(StartupInfoLogger.java:57) Started Application in 4.075 seconds (JVM running for 4.617) 
[INFO][2020-07-02 08:19:54] org.springframework.web.servlet.FrameworkServlet.initServletBean(FrameworkServlet.java:489) FrameworkServlet 'dispatcherServlet': initialization started 
[INFO][2020-07-02 08:19:54] org.springframework.web.servlet.FrameworkServlet.initServletBean(FrameworkServlet.java:508) FrameworkServlet 'dispatcherServlet': initialization completed in 18 ms 
[INFO][2020-07-02 09:09:49] com.zxh.shiro.UserRealm.doGetAuthenticationInfo(UserRealm.java:65) 认证(登录时调用) 
[INFO][2020-07-02 09:24:59] com.zxh.shiro.UserRealm.doGetAuthorizationInfo(UserRealm.java:29) 授权(验证权限时调用) 
[INFO][2020-07-02 09:27:25] com.zxh.shiro.UserRealm.doGetAuthorizationInfo(UserRealm.java:29) 授权(验证权限时调用) 
[INFO][2020-07-02 10:44:19] org.springframework.boot.admin.SpringApplicationAdminMXBeanRegistrar$SpringApplicationAdmin.shutdown(SpringApplicationAdminMXBeanRegistrar.java:125) Application shutdown requested. 
[INFO][2020-07-02 10:44:19] org.springframework.context.support.AbstractApplicationContext.doClose(AbstractApplicationContext.java:987) Closing org.springframework.boot.context.embedded.AnnotationConfigEmbeddedWebApplicationContext@123ef382: startup date [Thu Jul 02 08:19:14 CST 2020]; root of context hierarchy 
[INFO][2020-07-02 10:44:19] org.springframework.context.support.DefaultLifecycleProcessor$LifecycleGroup.stop(DefaultLifecycleProcessor.java:356) Stopping beans in phase 0 
[INFO][2020-07-02 10:44:19] org.springframework.integration.endpoint.EventDrivenConsumer.logComponentSubscriptionEvent(EventDrivenConsumer.java:108) Removing {logging-channel-adapter:_org.springframework.integration.errorLogger} as a subscriber to the 'errorChannel' channel 
[INFO][2020-07-02 10:44:19] org.springframework.integration.channel.AbstractSubscribableChannel.adjustCounterIfNecessary(AbstractSubscribableChannel.java:81) Channel 'application:8080.errorChannel' has 0 subscriber(s). 
[INFO][2020-07-02 10:44:19] org.springframework.integration.endpoint.AbstractEndpoint.stop(AbstractEndpoint.java:131) stopped _org.springframework.integration.errorLogger 
[INFO][2020-07-02 10:44:19] org.springframework.scheduling.concurrent.ExecutorConfigurationSupport.shutdown(ExecutorConfigurationSupport.java:203) Shutting down ExecutorService 'taskScheduler' 
[INFO][2020-07-02 10:44:19] org.springframework.jmx.export.MBeanExporter.destroy(MBeanExporter.java:449) Unregistering JMX-exposed beans on shutdown 
[INFO][2020-07-02 10:44:19] org.springframework.jmx.support.MBeanRegistrationSupport.unregisterBeans(MBeanRegistrationSupport.java:241) Unregistering JMX-exposed beans 
[INFO][2020-07-02 10:44:19] org.springframework.cache.ehcache.EhCacheManagerFactoryBean.destroy(EhCacheManagerFactoryBean.java:187) Shutting down EhCache CacheManager 
[INFO][2020-07-02 10:44:19] org.springframework.orm.jpa.AbstractEntityManagerFactoryBean.destroy(AbstractEntityManagerFactoryBean.java:551) Closing JPA EntityManagerFactory for persistence unit 'default' 
[INFO][2020-07-02 10:44:19] com.alibaba.druid.pool.DruidDataSource.close(DruidDataSource.java:1444) {dataSource-1} closed 
[INFO][2020-07-02 10:44:28] org.springframework.boot.StartupInfoLogger.logStarting(StartupInfoLogger.java:48) Starting Application on yangguangdeMacBook-Pro.local with PID 2291 (/Users/yangguang/Desktop/springboot-shiro-demo/target/classes started by yangguang in /Users/yangguang/Desktop/springboot-shiro-demo) 
[INFO][2020-07-02 10:44:28] org.springframework.boot.SpringApplication.logStartupProfileInfo(SpringApplication.java:637) No active profile set, falling back to default profiles: default 
[INFO][2020-07-02 10:44:28] org.springframework.context.support.AbstractApplicationContext.prepareRefresh(AbstractApplicationContext.java:582) Refreshing org.springframework.boot.context.embedded.AnnotationConfigEmbeddedWebApplicationContext@123ef382: startup date [Thu Jul 02 10:44:28 CST 2020]; root of context hierarchy 
[INFO][2020-07-02 10:44:28] org.hibernate.validator.internal.util.Version.<clinit>(Version.java:30) HV000001: Hibernate Validator 5.3.4.Final 
[INFO][2020-07-02 10:44:29] org.springframework.core.io.support.PropertiesLoaderSupport.loadProperties(PropertiesLoaderSupport.java:172) Loading properties file from URL [jar:file:/Users/yangguang/.m2/repository/org/springframework/integration/spring-integration-core/4.3.7.RELEASE/spring-integration-core-4.3.7.RELEASE.jar!/META-INF/spring.integration.default.properties] 
[INFO][2020-07-02 10:44:29] org.springframework.integration.config.IntegrationRegistrar.registerHeaderChannelRegistry(IntegrationRegistrar.java:330) No bean named 'integrationHeaderChannelRegistry' has been explicitly defined. Therefore, a default DefaultHeaderChannelRegistry will be created. 
[INFO][2020-07-02 10:44:29] org.springframework.integration.config.DefaultConfiguringBeanFactoryPostProcessor.registerErrorChannel(DefaultConfiguringBeanFactoryPostProcessor.java:130) No bean named 'errorChannel' has been explicitly defined. Therefore, a default PublishSubscribeChannel will be created. 
[INFO][2020-07-02 10:44:29] org.springframework.integration.config.DefaultConfiguringBeanFactoryPostProcessor.registerTaskScheduler(DefaultConfiguringBeanFactoryPostProcessor.java:158) No bean named 'taskScheduler' has been explicitly defined. Therefore, a default ThreadPoolTaskScheduler will be created. 
[INFO][2020-07-02 10:44:29] org.springframework.beans.factory.annotation.AutowiredAnnotationBeanPostProcessor.<init>(AutowiredAnnotationBeanPostProcessor.java:155) JSR-330 'javax.inject.Inject' annotation found and supported for autowiring 
[INFO][2020-07-02 10:44:29] org.springframework.context.support.PostProcessorRegistrationDelegate$BeanPostProcessorChecker.postProcessAfterInitialization(PostProcessorRegistrationDelegate.java:325) Bean 'org.springframework.boot.autoconfigure.validation.ValidationAutoConfiguration' of type [class org.springframework.boot.autoconfigure.validation.ValidationAutoConfiguration] is not eligible for getting processed by all BeanPostProcessors (for example: not eligible for auto-proxying) 
[INFO][2020-07-02 10:44:29] org.springframework.context.support.PostProcessorRegistrationDelegate$BeanPostProcessorChecker.postProcessAfterInitialization(PostProcessorRegistrationDelegate.java:325) Bean 'validator' of type [class org.springframework.validation.beanvalidation.LocalValidatorFactoryBean] is not eligible for getting processed by all BeanPostProcessors (for example: not eligible for auto-proxying) 
[INFO][2020-07-02 10:44:29] org.springframework.context.support.PostProcessorRegistrationDelegate$BeanPostProcessorChecker.postProcessAfterInitialization(PostProcessorRegistrationDelegate.java:325) Bean 'shiroConfiguration' of type [class com.zxh.config.ShiroConfiguration$$EnhancerBySpringCGLIB$$3275b499] is not eligible for getting processed by all BeanPostProcessors (for example: not eligible for auto-proxying) 
[INFO][2020-07-02 10:44:29] org.springframework.context.support.PostProcessorRegistrationDelegate$BeanPostProcessorChecker.postProcessAfterInitialization(PostProcessorRegistrationDelegate.java:325) Bean 'getUserRealm' of type [class com.zxh.shiro.UserRealm] is not eligible for getting processed by all BeanPostProcessors (for example: not eligible for auto-proxying) 
[INFO][2020-07-02 10:44:29] com.zxh.config.ShiroConfiguration.ehCacheManager(ShiroConfiguration.java:123) ShiroConfiguration.getEhCacheManager() 
[INFO][2020-07-02 10:44:29] org.springframework.context.support.PostProcessorRegistrationDelegate$BeanPostProcessorChecker.postProcessAfterInitialization(PostProcessorRegistrationDelegate.java:325) Bean 'ehCacheManager' of type [class org.apache.shiro.cache.ehcache.EhCacheManager] is not eligible for getting processed by all BeanPostProcessors (for example: not eligible for auto-proxying) 
[INFO][2020-07-02 10:44:29] org.apache.shiro.cache.ehcache.EhCacheManager.getCache(EhCacheManager.java:159) Cache with name 'com.zxh.shiro.UserRealm.authorizationCache' does not yet exist.  Creating now. 
[INFO][2020-07-02 10:44:29] org.apache.shiro.cache.ehcache.EhCacheManager.getCache(EhCacheManager.java:166) Added EhCache named [com.zxh.shiro.UserRealm.authorizationCache] 
[INFO][2020-07-02 10:44:29] com.zxh.config.ShiroConfiguration.rememberMeManager(ShiroConfiguration.java:151) ShiroConfiguration.rememberMeManager() 
[INFO][2020-07-02 10:44:29] com.zxh.config.ShiroConfiguration.rememberMeCookie(ShiroConfiguration.java:136) ShiroConfiguration.rememberMeCookie() 
[INFO][2020-07-02 10:44:29] org.springframework.context.support.PostProcessorRegistrationDelegate$BeanPostProcessorChecker.postProcessAfterInitialization(PostProcessorRegistrationDelegate.java:325) Bean 'rememberMeCookie' of type [class org.apache.shiro.web.servlet.SimpleCookie] is not eligible for getting processed by all BeanPostProcessors (for example: not eligible for auto-proxying) 
[INFO][2020-07-02 10:44:29] org.springframework.context.support.PostProcessorRegistrationDelegate$BeanPostProcessorChecker.postProcessAfterInitialization(PostProcessorRegistrationDelegate.java:325) Bean 'rememberMeManager' of type [class org.apache.shiro.web.mgt.CookieRememberMeManager] is not eligible for getting processed by all BeanPostProcessors (for example: not eligible for auto-proxying) 
[INFO][2020-07-02 10:44:29] org.springframework.context.support.PostProcessorRegistrationDelegate$BeanPostProcessorChecker.postProcessAfterInitialization(PostProcessorRegistrationDelegate.java:325) Bean 'securityManager' of type [class org.apache.shiro.web.mgt.DefaultWebSecurityManager] is not eligible for getting processed by all BeanPostProcessors (for example: not eligible for auto-proxying) 
[INFO][2020-07-02 10:44:29] org.springframework.context.support.PostProcessorRegistrationDelegate$BeanPostProcessorChecker.postProcessAfterInitialization(PostProcessorRegistrationDelegate.java:325) Bean 'authorizationAttributeSourceAdvisor' of type [class org.apache.shiro.spring.security.interceptor.AuthorizationAttributeSourceAdvisor] is not eligible for getting processed by all BeanPostProcessors (for example: not eligible for auto-proxying) 
[INFO][2020-07-02 10:44:29] org.springframework.context.support.PostProcessorRegistrationDelegate$BeanPostProcessorChecker.postProcessAfterInitialization(PostProcessorRegistrationDelegate.java:325) Bean 'org.springframework.cache.annotation.ProxyCachingConfiguration' of type [class org.springframework.cache.annotation.ProxyCachingConfiguration$$EnhancerBySpringCGLIB$$eb21ea32] is not eligible for getting processed by all BeanPostProcessors (for example: not eligible for auto-proxying) 
[INFO][2020-07-02 10:44:29] org.springframework.context.support.PostProcessorRegistrationDelegate$BeanPostProcessorChecker.postProcessAfterInitialization(PostProcessorRegistrationDelegate.java:325) Bean 'org.springframework.transaction.annotation.ProxyTransactionManagementConfiguration' of type [class org.springframework.transaction.annotation.ProxyTransactionManagementConfiguration$$EnhancerBySpringCGLIB$$a20fb414] is not eligible for getting processed by all BeanPostProcessors (for example: not eligible for auto-proxying) 
[INFO][2020-07-02 10:44:29] com.zxh.config.ShiroConfiguration.shiroFilter(ShiroConfiguration.java:42) ShiroConfiguration.shiroFilter() 
[INFO][2020-07-02 10:44:29] org.springframework.core.io.support.PropertiesLoaderSupport.loadProperties(PropertiesLoaderSupport.java:172) Loading properties file from URL [jar:file:/Users/yangguang/.m2/repository/org/springframework/integration/spring-integration-core/4.3.7.RELEASE/spring-integration-core-4.3.7.RELEASE.jar!/META-INF/spring.integration.default.properties] 
[INFO][2020-07-02 10:44:29] org.springframework.context.support.PostProcessorRegistrationDelegate$BeanPostProcessorChecker.postProcessAfterInitialization(PostProcessorRegistrationDelegate.java:325) Bean 'integrationGlobalProperties' of type [class org.springframework.beans.factory.config.PropertiesFactoryBean] is not eligible for getting processed by all BeanPostProcessors (for example: not eligible for auto-proxying) 
[INFO][2020-07-02 10:44:29] org.springframework.context.support.PostProcessorRegistrationDelegate$BeanPostProcessorChecker.postProcessAfterInitialization(PostProcessorRegistrationDelegate.java:325) Bean 'integrationGlobalProperties' of type [class java.util.Properties] is not eligible for getting processed by all BeanPostProcessors (for example: not eligible for auto-proxying) 
[INFO][2020-07-02 10:44:29] org.springframework.boot.context.embedded.tomcat.TomcatEmbeddedServletContainer.initialize(TomcatEmbeddedServletContainer.java:89) Tomcat initialized with port(s): 8080 (http) 
[INFO][2020-07-02 10:44:29] org.springframework.boot.context.embedded.EmbeddedWebApplicationContext.prepareEmbeddedWebApplicationContext(EmbeddedWebApplicationContext.java:276) Root WebApplicationContext: initialization completed in 1449 ms 
[INFO][2020-07-02 10:44:30] org.springframework.boot.web.servlet.ServletRegistrationBean.onStartup(ServletRegistrationBean.java:190) Mapping servlet: 'statViewServlet' to [/druid/*] 
[INFO][2020-07-02 10:44:30] org.springframework.boot.web.servlet.ServletRegistrationBean.onStartup(ServletRegistrationBean.java:190) Mapping servlet: 'dispatcherServlet' to [/] 
[INFO][2020-07-02 10:44:30] org.springframework.boot.web.servlet.AbstractFilterRegistrationBean.configure(AbstractFilterRegistrationBean.java:258) Mapping filter: 'errorPageFilter' to: [/*] 
[INFO][2020-07-02 10:44:30] org.springframework.boot.web.servlet.AbstractFilterRegistrationBean.configure(AbstractFilterRegistrationBean.java:258) Mapping filter: 'characterEncodingFilter' to: [/*] 
[INFO][2020-07-02 10:44:30] org.springframework.boot.web.servlet.AbstractFilterRegistrationBean.configure(AbstractFilterRegistrationBean.java:258) Mapping filter: 'hiddenHttpMethodFilter' to: [/*] 
[INFO][2020-07-02 10:44:30] org.springframework.boot.web.servlet.AbstractFilterRegistrationBean.configure(AbstractFilterRegistrationBean.java:258) Mapping filter: 'httpPutFormContentFilter' to: [/*] 
[INFO][2020-07-02 10:44:30] org.springframework.boot.web.servlet.AbstractFilterRegistrationBean.configure(AbstractFilterRegistrationBean.java:258) Mapping filter: 'requestContextFilter' to: [/*] 
[INFO][2020-07-02 10:44:30] org.springframework.boot.web.servlet.AbstractFilterRegistrationBean.configure(AbstractFilterRegistrationBean.java:271) Mapping filter: 'webStatFilter' to urls: [/*] 
[INFO][2020-07-02 10:44:30] org.springframework.boot.web.servlet.AbstractFilterRegistrationBean.configure(AbstractFilterRegistrationBean.java:258) Mapping filter: 'shiroFilter' to: [/*] 
[INFO][2020-07-02 10:44:30] com.alibaba.druid.pool.DruidDataSource.init(DruidDataSource.java:715) {dataSource-1} inited 
[INFO][2020-07-02 10:44:30] org.springframework.orm.jpa.LocalContainerEntityManagerFactoryBean.createNativeEntityManagerFactory(LocalContainerEntityManagerFactoryBean.java:349) Building JPA container EntityManagerFactory for persistence unit 'default' 
[INFO][2020-07-02 10:44:30] org.hibernate.jpa.internal.util.LogHelper.logPersistenceUnitInformation(LogHelper.java:31) HHH000204: Processing PersistenceUnitInfo [
	name: default
	...] 
[INFO][2020-07-02 10:44:30] org.hibernate.Version.logVersion(Version.java:37) HHH000412: Hibernate Core {5.0.11.Final} 
[INFO][2020-07-02 10:44:30] org.hibernate.cfg.Environment.<clinit>(Environment.java:213) HHH000206: hibernate.properties not found 
[INFO][2020-07-02 10:44:30] org.hibernate.cfg.Environment.buildBytecodeProvider(Environment.java:317) HHH000021: Bytecode provider name : javassist 
[INFO][2020-07-02 10:44:30] org.hibernate.annotations.common.reflection.java.JavaReflectionManager.<clinit>(JavaReflectionManager.java:66) HCANN000001: Hibernate Commons Annotations {5.0.1.Final} 
[INFO][2020-07-02 10:44:30] org.hibernate.dialect.Dialect.<init>(Dialect.java:156) HHH000400: Using dialect: org.hibernate.dialect.MySQLDialect 
[INFO][2020-07-02 10:44:30] org.springframework.orm.jpa.AbstractEntityManagerFactoryBean.buildNativeEntityManagerFactory(AbstractEntityManagerFactoryBean.java:382) Initialized JPA EntityManagerFactory for persistence unit 'default' 
[INFO][2020-07-02 10:44:31] org.springframework.web.servlet.view.freemarker.FreeMarkerConfigurer.postProcessTemplateLoaders(FreeMarkerConfigurer.java:127) ClassTemplateLoader for Spring macros added to FreeMarker configuration 
[INFO][2020-07-02 10:44:31] org.springframework.cache.ehcache.EhCacheManagerFactoryBean.afterPropertiesSet(EhCacheManagerFactoryBean.java:130) Initializing EhCache CacheManager 
[INFO][2020-07-02 10:44:31] org.springframework.web.servlet.mvc.method.annotation.RequestMappingHandlerAdapter.initControllerAdviceCache(RequestMappingHandlerAdapter.java:534) Looking for @ControllerAdvice: org.springframework.boot.context.embedded.AnnotationConfigEmbeddedWebApplicationContext@123ef382: startup date [Thu Jul 02 10:44:28 CST 2020]; root of context hierarchy 
[INFO][2020-07-02 10:44:32] org.springframework.web.servlet.handler.AbstractHandlerMethodMapping$MappingRegistry.register(AbstractHandlerMethodMapping.java:543) Mapped "{[/error]}" onto public java.lang.String com.zxh.controller.MainsiteErrorController.handleError() 
[INFO][2020-07-02 10:44:32] org.springframework.web.servlet.handler.AbstractHandlerMethodMapping$MappingRegistry.register(AbstractHandlerMethodMapping.java:543) Mapped "{[/file/upload],methods=[POST]}" onto public com.zxh.util.R com.zxh.controller.SysFileController.upload(java.lang.Integer,javax.servlet.http.HttpServletRequest) throws java.lang.Exception 
[INFO][2020-07-02 10:44:32] org.springframework.web.servlet.handler.AbstractHandlerMethodMapping$MappingRegistry.register(AbstractHandlerMethodMapping.java:543) Mapped "{[/file/download]}" onto public void com.zxh.controller.SysFileController.download(java.lang.String,java.lang.Boolean,javax.servlet.http.HttpServletRequest,javax.servlet.http.HttpServletResponse) throws java.io.IOException 
[INFO][2020-07-02 10:44:32] org.springframework.web.servlet.handler.AbstractHandlerMethodMapping$MappingRegistry.register(AbstractHandlerMethodMapping.java:543) Mapped "{[/admin/index.html]}" onto public java.lang.String com.zxh.controller.admin.SysLoginController.index(org.springframework.ui.Model) 
[INFO][2020-07-02 10:44:32] org.springframework.web.servlet.handler.AbstractHandlerMethodMapping$MappingRegistry.register(AbstractHandlerMethodMapping.java:543) Mapped "{[/admin/sys/logout],methods=[GET]}" onto public java.lang.String com.zxh.controller.admin.SysLoginController.logout() throws java.lang.Exception 
[INFO][2020-07-02 10:44:32] org.springframework.web.servlet.handler.AbstractHandlerMethodMapping$MappingRegistry.register(AbstractHandlerMethodMapping.java:543) Mapped "{[/admin/captcha.jpg]}" onto public void com.zxh.controller.admin.SysLoginController.captcha(javax.servlet.http.HttpServletResponse) throws javax.servlet.ServletException,java.io.IOException 
[INFO][2020-07-02 10:44:32] org.springframework.web.servlet.handler.AbstractHandlerMethodMapping$MappingRegistry.register(AbstractHandlerMethodMapping.java:543) Mapped "{[/admin/sys/login],methods=[POST]}" onto public com.zxh.util.R com.zxh.controller.admin.SysLoginController.login(java.lang.String,java.lang.String,java.lang.String,javax.servlet.http.HttpServletRequest) throws java.io.IOException 
[INFO][2020-07-02 10:44:32] org.springframework.web.servlet.handler.AbstractHandlerMethodMapping$MappingRegistry.register(AbstractHandlerMethodMapping.java:543) Mapped "{[/admin/]}" onto public java.lang.String com.zxh.controller.admin.SysLoginController.redirect() 
[INFO][2020-07-02 10:44:32] org.springframework.web.servlet.handler.AbstractHandlerMethodMapping$MappingRegistry.register(AbstractHandlerMethodMapping.java:543) Mapped "{[/admin/sys/menu/update]}" onto public com.zxh.util.R com.zxh.controller.admin.SysMenuController.update(com.zxh.entity.SysMenuEntity) 
[INFO][2020-07-02 10:44:32] org.springframework.web.servlet.handler.AbstractHandlerMethodMapping$MappingRegistry.register(AbstractHandlerMethodMapping.java:543) Mapped "{[/admin/sys/menu/delete]}" onto public com.zxh.util.R com.zxh.controller.admin.SysMenuController.delete(java.lang.String) 
[INFO][2020-07-02 10:44:32] org.springframework.web.servlet.handler.AbstractHandlerMethodMapping$MappingRegistry.register(AbstractHandlerMethodMapping.java:543) Mapped "{[/admin/sys/menu/list]}" onto public com.zxh.util.R com.zxh.controller.admin.SysMenuController.list(java.lang.Integer,java.lang.Integer,java.lang.String,java.lang.String,java.lang.String) 
[INFO][2020-07-02 10:44:32] org.springframework.web.servlet.handler.AbstractHandlerMethodMapping$MappingRegistry.register(AbstractHandlerMethodMapping.java:543) Mapped "{[/admin/sys/menu/save]}" onto public com.zxh.util.R com.zxh.controller.admin.SysMenuController.save(com.zxh.entity.SysMenuEntity) 
[INFO][2020-07-02 10:44:32] org.springframework.web.servlet.handler.AbstractHandlerMethodMapping$MappingRegistry.register(AbstractHandlerMethodMapping.java:543) Mapped "{[/admin/sys/menu/select]}" onto public com.zxh.util.R com.zxh.controller.admin.SysMenuController.select() 
[INFO][2020-07-02 10:44:32] org.springframework.web.servlet.handler.AbstractHandlerMethodMapping$MappingRegistry.register(AbstractHandlerMethodMapping.java:543) Mapped "{[/admin/sys/menu/perms]}" onto public com.zxh.util.R com.zxh.controller.admin.SysMenuController.perms() 
[INFO][2020-07-02 10:44:32] org.springframework.web.servlet.handler.AbstractHandlerMethodMapping$MappingRegistry.register(AbstractHandlerMethodMapping.java:543) Mapped "{[/admin/sys/menu/info/{menuId}]}" onto public com.zxh.util.R com.zxh.controller.admin.SysMenuController.info(java.lang.Long) 
[INFO][2020-07-02 10:44:32] org.springframework.web.servlet.handler.AbstractHandlerMethodMapping$MappingRegistry.register(AbstractHandlerMethodMapping.java:543) Mapped "{[/admin/{path}/{url}.html]}" onto public java.lang.String com.zxh.controller.admin.SysPageController.page(java.lang.String,java.lang.String) 
[INFO][2020-07-02 10:44:32] org.springframework.web.servlet.handler.AbstractHandlerMethodMapping$MappingRegistry.register(AbstractHandlerMethodMapping.java:543) Mapped "{[/admin/{url}.html]}" onto public java.lang.String com.zxh.controller.admin.SysPageController.pageUrl(java.lang.String) 
[INFO][2020-07-02 10:44:32] org.springframework.web.servlet.handler.AbstractHandlerMethodMapping$MappingRegistry.register(AbstractHandlerMethodMapping.java:543) Mapped "{[/admin/sys/role/update]}" onto public com.zxh.util.R com.zxh.controller.admin.SysRoleController.update(java.lang.Long,java.lang.String,java.lang.String,java.lang.String) 
[INFO][2020-07-02 10:44:32] org.springframework.web.servlet.handler.AbstractHandlerMethodMapping$MappingRegistry.register(AbstractHandlerMethodMapping.java:543) Mapped "{[/admin/sys/role/delete]}" onto public com.zxh.util.R com.zxh.controller.admin.SysRoleController.delete(java.lang.String) 
[INFO][2020-07-02 10:44:32] org.springframework.web.servlet.handler.AbstractHandlerMethodMapping$MappingRegistry.register(AbstractHandlerMethodMapping.java:543) Mapped "{[/admin/sys/role/list]}" onto public com.zxh.util.R com.zxh.controller.admin.SysRoleController.list(java.lang.Integer,java.lang.Integer,java.lang.String,java.lang.String,java.lang.String) 
[INFO][2020-07-02 10:44:32] org.springframework.web.servlet.handler.AbstractHandlerMethodMapping$MappingRegistry.register(AbstractHandlerMethodMapping.java:543) Mapped "{[/admin/sys/role/save]}" onto public com.zxh.util.R com.zxh.controller.admin.SysRoleController.save(java.lang.String,java.lang.String,java.lang.String) throws java.text.ParseException 
[INFO][2020-07-02 10:44:32] org.springframework.web.servlet.handler.AbstractHandlerMethodMapping$MappingRegistry.register(AbstractHandlerMethodMapping.java:543) Mapped "{[/admin/sys/role/select]}" onto public com.zxh.util.R com.zxh.controller.admin.SysRoleController.select() 
[INFO][2020-07-02 10:44:32] org.springframework.web.servlet.handler.AbstractHandlerMethodMapping$MappingRegistry.register(AbstractHandlerMethodMapping.java:543) Mapped "{[/admin/sys/role/info/{roleId}]}" onto public com.zxh.util.R com.zxh.controller.admin.SysRoleController.info(java.lang.Long) 
[INFO][2020-07-02 10:44:32] org.springframework.web.servlet.handler.AbstractHandlerMethodMapping$MappingRegistry.register(AbstractHandlerMethodMapping.java:543) Mapped "{[/admin/sys/user/update]}" onto public com.zxh.util.R com.zxh.controller.admin.SysUserController.update(com.zxh.entity.SysUserEntity,java.lang.Long[]) 
[INFO][2020-07-02 10:44:32] org.springframework.web.servlet.handler.AbstractHandlerMethodMapping$MappingRegistry.register(AbstractHandlerMethodMapping.java:543) Mapped "{[/admin/sys/user/delete]}" onto public com.zxh.util.R com.zxh.controller.admin.SysUserController.delete(java.lang.String) 
[INFO][2020-07-02 10:44:32] org.springframework.web.servlet.handler.AbstractHandlerMethodMapping$MappingRegistry.register(AbstractHandlerMethodMapping.java:543) Mapped "{[/admin/sys/user/list]}" onto public com.zxh.util.R com.zxh.controller.admin.SysUserController.list(java.lang.Integer,java.lang.Integer,java.lang.String,java.lang.String,java.lang.String) 
[INFO][2020-07-02 10:44:32] org.springframework.web.servlet.handler.AbstractHandlerMethodMapping$MappingRegistry.register(AbstractHandlerMethodMapping.java:543) Mapped "{[/admin/sys/user/save]}" onto public com.zxh.util.R com.zxh.controller.admin.SysUserController.save(java.lang.Long[],com.zxh.entity.SysUserEntity,org.springframework.validation.BindingResult) throws java.lang.Exception 
[INFO][2020-07-02 10:44:32] org.springframework.web.servlet.handler.AbstractHandlerMethodMapping$MappingRegistry.register(AbstractHandlerMethodMapping.java:543) Mapped "{[/admin/sys/user/view]}" onto public java.lang.String com.zxh.controller.admin.SysUserController.view(org.springframework.ui.Model) 
[INFO][2020-07-02 10:44:32] org.springframework.web.servlet.handler.AbstractHandlerMethodMapping$MappingRegistry.register(AbstractHandlerMethodMapping.java:543) Mapped "{[/admin/sys/user/info]}" onto public com.zxh.util.R com.zxh.controller.admin.SysUserController.info() 
[INFO][2020-07-02 10:44:32] org.springframework.web.servlet.handler.AbstractHandlerMethodMapping$MappingRegistry.register(AbstractHandlerMethodMapping.java:543) Mapped "{[/admin/sys/user/info/{userId}]}" onto public com.zxh.util.R com.zxh.controller.admin.SysUserController.info(java.lang.Long) 
[INFO][2020-07-02 10:44:32] org.springframework.web.servlet.handler.AbstractHandlerMethodMapping$MappingRegistry.register(AbstractHandlerMethodMapping.java:543) Mapped "{[/admin/sys/user/updateStatus]}" onto public com.zxh.util.R com.zxh.controller.admin.SysUserController.updateStatus(java.lang.Long,java.lang.Boolean) 
[INFO][2020-07-02 10:44:32] org.springframework.web.servlet.handler.AbstractHandlerMethodMapping$MappingRegistry.register(AbstractHandlerMethodMapping.java:543) Mapped "{[/admin/sys/user/avatar.html]}" onto public java.lang.String com.zxh.controller.admin.SysUserController.avatar(org.springframework.ui.Model) 
[INFO][2020-07-02 10:44:32] org.springframework.web.servlet.handler.AbstractHandlerMethodMapping$MappingRegistry.register(AbstractHandlerMethodMapping.java:543) Mapped "{[/admin/sys/user/updateView]}" onto public com.zxh.util.R com.zxh.controller.admin.SysUserController.updateView(com.zxh.entity.SysUserEntity) 
[INFO][2020-07-02 10:44:32] org.springframework.web.servlet.handler.AbstractHandlerMethodMapping$MappingRegistry.register(AbstractHandlerMethodMapping.java:543) Mapped "{[/admin/sys/user/updateAvatar]}" onto public com.zxh.util.R com.zxh.controller.admin.SysUserController.updateAvatar(java.lang.String) 
[INFO][2020-07-02 10:44:32] org.springframework.web.servlet.handler.AbstractHandlerMethodMapping$MappingRegistry.register(AbstractHandlerMethodMapping.java:543) Mapped "{[/admin/sys/user/updateSelfPassword]}" onto public com.zxh.util.R com.zxh.controller.admin.SysUserController.updateSelfPassword(java.lang.String,java.lang.String,java.lang.String) 
[INFO][2020-07-02 10:44:32] org.springframework.web.servlet.handler.AbstractHandlerMethodMapping$MappingRegistry.register(AbstractHandlerMethodMapping.java:543) Mapped "{[/admin/sys/log/list]}" onto public com.zxh.util.R com.zxh.controller.admin.SysUserLoginLogController.list(java.lang.Integer,java.lang.Integer,java.lang.String,java.lang.String,java.lang.String,javax.servlet.http.HttpServletRequest) 
[INFO][2020-07-02 10:44:32] org.springframework.web.servlet.handler.AbstractUrlHandlerMapping.registerHandler(AbstractUrlHandlerMapping.java:354) Mapped URL path [/statics/**] onto handler of type [class org.springframework.web.servlet.resource.ResourceHttpRequestHandler] 
[INFO][2020-07-02 10:44:32] org.springframework.web.servlet.handler.AbstractUrlHandlerMapping.registerHandler(AbstractUrlHandlerMapping.java:354) Mapped URL path [/js/**] onto handler of type [class org.springframework.web.servlet.resource.ResourceHttpRequestHandler] 
[INFO][2020-07-02 10:44:32] org.springframework.web.servlet.handler.AbstractUrlHandlerMapping.registerHandler(AbstractUrlHandlerMapping.java:354) Mapped URL path [/upload/**] onto handler of type [class org.springframework.web.servlet.resource.ResourceHttpRequestHandler] 
[INFO][2020-07-02 10:44:32] org.springframework.web.servlet.handler.AbstractUrlHandlerMapping.registerHandler(AbstractUrlHandlerMapping.java:354) Mapped URL path [/webjars/**] onto handler of type [class org.springframework.web.servlet.resource.ResourceHttpRequestHandler] 
[INFO][2020-07-02 10:44:32] org.springframework.web.servlet.handler.AbstractUrlHandlerMapping.registerHandler(AbstractUrlHandlerMapping.java:354) Mapped URL path [/**] onto handler of type [class org.springframework.web.servlet.resource.ResourceHttpRequestHandler] 
[INFO][2020-07-02 10:44:32] org.springframework.web.servlet.mvc.method.annotation.ExceptionHandlerExceptionResolver.initExceptionHandlerAdviceCache(ExceptionHandlerExceptionResolver.java:273) Detected @ExceptionHandler methods in globalExceptionHandler 
[INFO][2020-07-02 10:44:32] org.springframework.web.servlet.handler.AbstractUrlHandlerMapping.registerHandler(AbstractUrlHandlerMapping.java:354) Mapped URL path [/**/favicon.ico] onto handler of type [class org.springframework.web.servlet.resource.ResourceHttpRequestHandler] 
[INFO][2020-07-02 10:44:32] org.springframework.scheduling.concurrent.ExecutorConfigurationSupport.initialize(ExecutorConfigurationSupport.java:165) Initializing ExecutorService  'taskScheduler' 
[INFO][2020-07-02 10:44:32] org.springframework.jmx.export.MBeanExporter.afterSingletonsInstantiated(MBeanExporter.java:431) Registering beans for JMX exposure on startup 
[INFO][2020-07-02 10:44:32] org.springframework.jmx.export.MBeanExporter.autodetect(MBeanExporter.java:916) Bean with name 'dataSource' has been autodetected for JMX exposure 
[INFO][2020-07-02 10:44:32] org.springframework.jmx.export.MBeanExporter.registerBeanInstance(MBeanExporter.java:671) Located MBean 'dataSource': registering with JMX server as MBean [com.alibaba.druid.pool:name=dataSource,type=DruidDataSource] 
[INFO][2020-07-02 10:44:32] org.springframework.context.support.DefaultLifecycleProcessor$LifecycleGroup.start(DefaultLifecycleProcessor.java:341) Starting beans in phase 0 
[INFO][2020-07-02 10:44:32] org.springframework.integration.endpoint.EventDrivenConsumer.logComponentSubscriptionEvent(EventDrivenConsumer.java:108) Adding {logging-channel-adapter:_org.springframework.integration.errorLogger} as a subscriber to the 'errorChannel' channel 
[INFO][2020-07-02 10:44:32] org.springframework.integration.channel.AbstractSubscribableChannel.adjustCounterIfNecessary(AbstractSubscribableChannel.java:81) Channel 'application:8080.errorChannel' has 1 subscriber(s). 
[INFO][2020-07-02 10:44:32] org.springframework.integration.endpoint.AbstractEndpoint.start(AbstractEndpoint.java:97) started _org.springframework.integration.errorLogger 
[INFO][2020-07-02 10:44:32] org.springframework.boot.context.embedded.tomcat.TomcatEmbeddedServletContainer.start(TomcatEmbeddedServletContainer.java:192) Tomcat started on port(s): 8080 (http) 
[INFO][2020-07-02 10:44:32] org.springframework.boot.StartupInfoLogger.logStarted(StartupInfoLogger.java:57) Started Application in 4.372 seconds (JVM running for 4.815) 
[INFO][2020-07-02 10:45:01] org.springframework.web.servlet.FrameworkServlet.initServletBean(FrameworkServlet.java:489) FrameworkServlet 'dispatcherServlet': initialization started 
[INFO][2020-07-02 10:45:01] org.springframework.web.servlet.FrameworkServlet.initServletBean(FrameworkServlet.java:508) FrameworkServlet 'dispatcherServlet': initialization completed in 19 ms 
[INFO][2020-07-02 10:45:26] com.zxh.shiro.UserRealm.doGetAuthenticationInfo(UserRealm.java:65) 认证(登录时调用) 
[INFO][2020-07-02 10:45:38] com.zxh.shiro.UserRealm.doGetAuthorizationInfo(UserRealm.java:29) 授权(验证权限时调用) 
[INFO][2020-07-02 10:48:18] com.zxh.shiro.UserRealm.doGetAuthorizationInfo(UserRealm.java:29) 授权(验证权限时调用) 
[ERROR][2020-07-02 10:48:51] org.springframework.boot.web.support.ErrorPageFilter.handleCommittedResponse(ErrorPageFilter.java:206) Cannot forward to error page for request [/admin/sys/test.html] as the response has already been committed. As a result, the response may have the wrong status code. If your application is running on WebSphere Application Server you may be able to resolve this problem by setting com.ibm.ws.webcontainer.invokeFlushAfterService to false 
[INFO][2020-07-02 11:04:29] com.zxh.controller.admin.SysLoginController.logout(SysLoginController.java:184) 管理员退出，清空用户菜单列表Cache 
[INFO][2020-07-02 11:31:23] com.zxh.shiro.UserRealm.doGetAuthenticationInfo(UserRealm.java:65) 认证(登录时调用) 
[INFO][2020-07-02 12:14:48] org.springframework.boot.admin.SpringApplicationAdminMXBeanRegistrar$SpringApplicationAdmin.shutdown(SpringApplicationAdminMXBeanRegistrar.java:125) Application shutdown requested. 
[INFO][2020-07-02 12:14:48] org.springframework.context.support.AbstractApplicationContext.doClose(AbstractApplicationContext.java:987) Closing org.springframework.boot.context.embedded.AnnotationConfigEmbeddedWebApplicationContext@123ef382: startup date [Thu Jul 02 10:44:28 CST 2020]; root of context hierarchy 
[INFO][2020-07-02 12:14:48] org.springframework.context.support.DefaultLifecycleProcessor$LifecycleGroup.stop(DefaultLifecycleProcessor.java:356) Stopping beans in phase 0 
[INFO][2020-07-02 12:14:48] org.springframework.integration.endpoint.EventDrivenConsumer.logComponentSubscriptionEvent(EventDrivenConsumer.java:108) Removing {logging-channel-adapter:_org.springframework.integration.errorLogger} as a subscriber to the 'errorChannel' channel 
[INFO][2020-07-02 12:14:48] org.springframework.integration.channel.AbstractSubscribableChannel.adjustCounterIfNecessary(AbstractSubscribableChannel.java:81) Channel 'application:8080.errorChannel' has 0 subscriber(s). 
[INFO][2020-07-02 12:14:48] org.springframework.integration.endpoint.AbstractEndpoint.stop(AbstractEndpoint.java:131) stopped _org.springframework.integration.errorLogger 
[INFO][2020-07-02 12:14:48] org.springframework.scheduling.concurrent.ExecutorConfigurationSupport.shutdown(ExecutorConfigurationSupport.java:203) Shutting down ExecutorService 'taskScheduler' 
[INFO][2020-07-02 12:14:48] org.springframework.jmx.export.MBeanExporter.destroy(MBeanExporter.java:449) Unregistering JMX-exposed beans on shutdown 
[INFO][2020-07-02 12:14:48] org.springframework.jmx.support.MBeanRegistrationSupport.unregisterBeans(MBeanRegistrationSupport.java:241) Unregistering JMX-exposed beans 
[INFO][2020-07-02 12:14:48] org.springframework.cache.ehcache.EhCacheManagerFactoryBean.destroy(EhCacheManagerFactoryBean.java:187) Shutting down EhCache CacheManager 
[INFO][2020-07-02 12:14:48] org.springframework.orm.jpa.AbstractEntityManagerFactoryBean.destroy(AbstractEntityManagerFactoryBean.java:551) Closing JPA EntityManagerFactory for persistence unit 'default' 
[INFO][2020-07-02 12:14:48] com.alibaba.druid.pool.DruidDataSource.close(DruidDataSource.java:1444) {dataSource-1} closed 
